# JRE version: Java(TM) SE Runtime Environment (7.0_79-b15) (build 1.7.0_79-b15)
# Java VM: Java HotSpot(TM) 64-Bit Server VM (24.79-b02 mixed mode bsd-amd64 compressed oops)
Heap
 PSYoungGen      total 572416K, used 146105K [0x00000007aaa80000, 0x00000007e3d00000, 0x0000000800000000)
  eden space 516608K, 21% used [0x00000007aaa80000,0x00000007b1945cf0,0x00000007ca300000)
  from space 55808K, 58% used [0x00000007ca300000,0x00000007cc2e8728,0x00000007cd980000)
  to   space 54784K, 0% used [0x00000007e0780000,0x00000007e0780000,0x00000007e3d00000)
 ParOldGen       total 174592K, used 68793K [0x0000000700000000, 0x000000070aa80000, 0x00000007aaa80000)
  object space 174592K, 39% used [0x0000000700000000,0x000000070432e658,0x000000070aa80000)
 PSPermGen       total 40448K, used 40182K [0x00000006fae00000, 0x00000006fd580000, 0x0000000700000000)
  object space 40448K, 99% used [0x00000006fae00000,0x00000006fd53d828,0x00000006fd580000)
GC Heap History (10 events):
Event: 11.720 GC heap before
{Heap before GC invocations=5 (full 0):
 PSYoungGen      total 142848K, used 142820K [0x00000007aaa80000, 0x00000007b4080000, 0x0000000800000000)
  eden space 132096K, 100% used [0x00000007aaa80000,0x00000007b2b80000,0x00000007b2b80000)
  from space 10752K, 99% used [0x00000007b3600000,0x00000007b4079100,0x00000007b4080000)
  to   space 10752K, 0% used [0x00000007b2b80000,0x00000007b2b80000,0x00000007b3600000)
 ParOldGen       total 174592K, used 26149K [0x0000000700000000, 0x000000070aa80000, 0x00000007aaa80000)
  object space 174592K, 14% used [0x0000000700000000,0x00000007019896f8,0x000000070aa80000)
 PSPermGen       total 33792K, used 33308K [0x00000006fae00000, 0x00000006fcf00000, 0x0000000700000000)
  object space 33792K, 98% used [0x00000006fae00000,0x00000006fce872e8,0x00000006fcf00000)
Event: 11.742 GC heap after
Heap after GC invocations=5 (full 0):
 PSYoungGen      total 142848K, used 10724K [0x00000007aaa80000, 0x00000007bef80000, 0x0000000800000000)
  eden space 132096K, 0% used [0x00000007aaa80000,0x00000007aaa80000,0x00000007b2b80000)
  from space 10752K, 99% used [0x00000007b2b80000,0x00000007b35f90b0,0x00000007b3600000)
  to   space 34304K, 0% used [0x00000007bce00000,0x00000007bce00000,0x00000007bef80000)
 ParOldGen       total 174592K, used 46366K [0x0000000700000000, 0x000000070aa80000, 0x00000007aaa80000)
  object space 174592K, 26% used [0x0000000700000000,0x0000000702d47920,0x000000070aa80000)
 PSPermGen       total 33792K, used 33308K [0x00000006fae00000, 0x00000006fcf00000, 0x0000000700000000)
  object space 33792K, 98% used [0x00000006fae00000,0x00000006fce872e8,0x00000006fcf00000)
}
Event: 11.956 GC heap before
{Heap before GC invocations=6 (full 0):
 PSYoungGen      total 142848K, used 142820K [0x00000007aaa80000, 0x00000007bef80000, 0x0000000800000000)
  eden space 132096K, 100% used [0x00000007aaa80000,0x00000007b2b80000,0x00000007b2b80000)
  from space 10752K, 99% used [0x00000007b2b80000,0x00000007b35f90b0,0x00000007b3600000)
  to   space 34304K, 0% used [0x00000007bce00000,0x00000007bce00000,0x00000007bef80000)
 ParOldGen       total 174592K, used 46366K [0x0000000700000000, 0x000000070aa80000, 0x00000007aaa80000)
  object space 174592K, 26% used [0x0000000700000000,0x0000000702d47920,0x000000070aa80000)
 PSPermGen       total 33792K, used 33310K [0x00000006fae00000, 0x00000006fcf00000, 0x0000000700000000)
  object space 33792K, 98% used [0x00000006fae00000,0x00000006fce87b08,0x00000006fcf00000)
Event: 11.978 GC heap after
Heap after GC invocations=6 (full 0):
 PSYoungGen      total 294912K, used 30167K [0x00000007aaa80000, 0x00000007bf680000, 0x0000000800000000)
  eden space 260608K, 0% used [0x00000007aaa80000,0x00000007aaa80000,0x00000007ba900000)
  from space 34304K, 87% used [0x00000007bce00000,0x00000007beb75d90,0x00000007bef80000)
  to   space 37888K, 0% used [0x00000007ba900000,0x00000007ba900000,0x00000007bce00000)
 ParOldGen       total 174592K, used 46374K [0x0000000700000000, 0x000000070aa80000, 0x00000007aaa80000)
  object space 174592K, 26% used [0x0000000700000000,0x0000000702d49920,0x000000070aa80000)
 PSPermGen       total 33792K, used 33310K [0x00000006fae00000, 0x00000006fcf00000, 0x0000000700000000)
  object space 33792K, 98% used [0x00000006fae00000,0x00000006fce87b08,0x00000006fcf00000)
}
Event: 12.369 GC heap before
{Heap before GC invocations=7 (full 0):
 PSYoungGen      total 294912K, used 290775K [0x00000007aaa80000, 0x00000007bf680000, 0x0000000800000000)
  eden space 260608K, 100% used [0x00000007aaa80000,0x00000007ba900000,0x00000007ba900000)
  from space 34304K, 87% used [0x00000007bce00000,0x00000007beb75d90,0x00000007bef80000)
  to   space 37888K, 0% used [0x00000007ba900000,0x00000007ba900000,0x00000007bce00000)
 ParOldGen       total 174592K, used 46374K [0x0000000700000000, 0x000000070aa80000, 0x00000007aaa80000)
  object space 174592K, 26% used [0x0000000700000000,0x0000000702d49920,0x000000070aa80000)
 PSPermGen       total 33792K, used 33313K [0x00000006fae00000, 0x00000006fcf00000, 0x0000000700000000)
  object space 33792K, 98% used [0x00000006fae00000,0x00000006fce88768,0x00000006fcf00000)
Event: 12.404 GC heap after
Heap after GC invocations=7 (full 0):
 PSYoungGen      total 298496K, used 37879K [0x00000007aaa80000, 0x00000007d0b80000, 0x0000000800000000)
  eden space 260608K, 0% used [0x00000007aaa80000,0x00000007aaa80000,0x00000007ba900000)
  from space 37888K, 99% used [0x00000007ba900000,0x00000007bcdfdc38,0x00000007bce00000)
  to   space 51200K, 0% used [0x00000007cd980000,0x00000007cd980000,0x00000007d0b80000)
 ParOldGen       total 174592K, used 60905K [0x0000000700000000, 0x000000070aa80000, 0x00000007aaa80000)
  object space 174592K, 34% used [0x0000000700000000,0x0000000703b7a5d8,0x000000070aa80000)
 PSPermGen       total 33792K, used 33313K [0x00000006fae00000, 0x00000006fcf00000, 0x0000000700000000)
  object space 33792K, 98% used [0x00000006fae00000,0x00000006fce88768,0x00000006fcf00000)
}
Event: 12.745 GC heap before
{Heap before GC invocations=8 (full 0):
 PSYoungGen      total 298496K, used 298487K [0x00000007aaa80000, 0x00000007d0b80000, 0x0000000800000000)
  eden space 260608K, 100% used [0x00000007aaa80000,0x00000007ba900000,0x00000007ba900000)
  from space 37888K, 99% used [0x00000007ba900000,0x00000007bcdfdc38,0x00000007bce00000)
  to   space 51200K, 0% used [0x00000007cd980000,0x00000007cd980000,0x00000007d0b80000)
 ParOldGen       total 174592K, used 60905K [0x0000000700000000, 0x000000070aa80000, 0x00000007aaa80000)
  object space 174592K, 34% used [0x0000000700000000,0x0000000703b7a5d8,0x000000070aa80000)
 PSPermGen       total 33792K, used 33315K [0x00000006fae00000, 0x00000006fcf00000, 0x0000000700000000)
  object space 33792K, 98% used [0x00000006fae00000,0x00000006fce88df8,0x00000006fcf00000)
Event: 12.776 GC heap after
Heap after GC invocations=8 (full 0):
 PSYoungGen      total 567808K, used 42956K [0x00000007aaa80000, 0x00000007d1480000, 0x0000000800000000)
  eden space 516608K, 0% used [0x00000007aaa80000,0x00000007aaa80000,0x00000007ca300000)
  from space 51200K, 83% used [0x00000007cd980000,0x00000007d03731a8,0x00000007d0b80000)
  to   space 55808K, 0% used [0x00000007ca300000,0x00000007ca300000,0x00000007cd980000)
 ParOldGen       total 174592K, used 66209K [0x0000000700000000, 0x000000070aa80000, 0x00000007aaa80000)
  object space 174592K, 37% used [0x0000000700000000,0x00000007040a8658,0x000000070aa80000)
 PSPermGen       total 33792K, used 33315K [0x00000006fae00000, 0x00000006fcf00000, 0x0000000700000000)
  object space 33792K, 98% used [0x00000006fae00000,0x00000006fce88df8,0x00000006fcf00000)
}
Event: 15.508 GC heap before
{Heap before GC invocations=9 (full 0):
 PSYoungGen      total 567808K, used 559564K [0x00000007aaa80000, 0x00000007d1480000, 0x0000000800000000)
  eden space 516608K, 100% used [0x00000007aaa80000,0x00000007ca300000,0x00000007ca300000)
  from space 51200K, 83% used [0x00000007cd980000,0x00000007d03731a8,0x00000007d0b80000)
  to   space 55808K, 0% used [0x00000007ca300000,0x00000007ca300000,0x00000007cd980000)
 ParOldGen       total 174592K, used 66209K [0x0000000700000000, 0x000000070aa80000, 0x00000007aaa80000)
  object space 174592K, 37% used [0x0000000700000000,0x00000007040a8658,0x000000070aa80000)
 PSPermGen       total 40448K, used 40148K [0x00000006fae00000, 0x00000006fd580000, 0x0000000700000000)
  object space 40448K, 99% used [0x00000006fae00000,0x00000006fd535328,0x00000006fd580000)
Event: 15.539 GC heap after
Heap after GC invocations=9 (full 0):
 PSYoungGen      total 572416K, used 32673K [0x00000007aaa80000, 0x00000007e3d00000, 0x0000000800000000)
  eden space 516608K, 0% used [0x00000007aaa80000,0x00000007aaa80000,0x00000007ca300000)
  from space 55808K, 58% used [0x00000007ca300000,0x00000007cc2e8728,0x00000007cd980000)
  to   space 54784K, 0% used [0x00000007e0780000,0x00000007e0780000,0x00000007e3d00000)
 ParOldGen       total 174592K, used 68793K [0x0000000700000000, 0x000000070aa80000, 0x00000007aaa80000)
  object space 174592K, 39% used [0x0000000700000000,0x000000070432e658,0x000000070aa80000)
 PSPermGen       total 40448K, used 40148K [0x00000006fae00000, 0x00000006fd580000, 0x0000000700000000)
  object space 40448K, 99% used [0x00000006fae00000,0x00000006fd535328,0x00000006fd580000)
}

